\BOOKMARK [0][-]{table.caption.7}{\376\377\000A\000c\000k\000n\000o\000w\000l\000e\000d\000g\000e\000m\000e\000n\000t\000s}{}% 1
\BOOKMARK [0][-]{chapter*.8}{\376\377\000A\000b\000s\000t\000r\000a\000c\000t}{}% 2
\BOOKMARK [0][-]{chapter*.10}{\376\377\000T\000a\000b\000l\000e\000\040\000o\000f\000\040\000C\000o\000n\000t\000e\000n\000t\000s}{}% 3
\BOOKMARK [0][-]{chapter*.11}{\376\377\000L\000i\000s\000t\000\040\000o\000f\000\040\000F\000i\000g\000u\000r\000e\000s}{}% 4
\BOOKMARK [0][-]{chapter*.12}{\376\377\000L\000i\000s\000t\000\040\000o\000f\000\040\000T\000a\000b\000l\000e\000s}{}% 5
\BOOKMARK [0][-]{chapter*.12}{\376\377\000L\000i\000s\000t\000\040\000o\000f\000\040\000A\000b\000b\000r\000e\000v\000i\000a\000t\000i\000o\000n\000s}{}% 6
\BOOKMARK [0][-]{chapter.1}{\376\377\000I\000n\000t\000r\000o\000d\000u\000c\000t\000i\000o\000n}{}% 7
\BOOKMARK [1][-]{section.1.1}{\376\377\000P\000r\000o\000b\000l\000e\000m\000\040\000S\000t\000a\000t\000e\000m\000e\000n\000t}{chapter.1}% 8
\BOOKMARK [1][-]{section.1.2}{\376\377\000M\000o\000t\000i\000v\000a\000t\000i\000o\000n\000s\000\040\000a\000n\000d\000\040\000O\000b\000j\000e\000c\000t\000i\000v\000e\000s}{chapter.1}% 9
\BOOKMARK [1][-]{section.1.3}{\376\377\000R\000e\000p\000o\000r\000t\000\040\000S\000t\000r\000u\000c\000t\000u\000r\000e}{chapter.1}% 10
\BOOKMARK [0][-]{chapter.2}{\376\377\000L\000i\000t\000e\000r\000a\000t\000u\000r\000e\000\040\000R\000e\000v\000i\000e\000w}{}% 11
\BOOKMARK [1][-]{section.2.1}{\376\377\000M\000a\000c\000h\000i\000n\000e\000\040\000L\000e\000a\000r\000n\000i\000n\000g\000\040\000i\000n\000\040\000C\000y\000b\000e\000r\000s\000e\000c\000u\000r\000i\000t\000y}{chapter.2}% 12
\BOOKMARK [1][-]{section.2.2}{\376\377\000C\000l\000a\000s\000s\000i\000f\000i\000c\000a\000t\000i\000o\000n\000\040\000A\000l\000g\000o\000r\000i\000t\000h\000m\000s}{chapter.2}% 13
\BOOKMARK [2][-]{subsection.2.2.1}{\376\377\000D\000e\000c\000i\000s\000i\000o\000n\000\040\000T\000r\000e\000e\000s}{section.2.2}% 14
\BOOKMARK [2][-]{subsection.2.2.2}{\376\377\000R\000a\000n\000d\000o\000m\000\040\000F\000o\000r\000e\000s\000t}{section.2.2}% 15
\BOOKMARK [2][-]{subsection.2.2.3}{\376\377\000L\000i\000g\000h\000t\000G\000B\000M}{section.2.2}% 16
\BOOKMARK [2][-]{subsection.2.2.4}{\376\377\000N\000a\000i\000v\000e\000\040\000B\000a\000y\000e\000s}{section.2.2}% 17
\BOOKMARK [2][-]{subsection.2.2.5}{\376\377\000L\000o\000g\000i\000s\000t\000i\000c\000\040\000R\000e\000g\000r\000e\000s\000s\000i\000o\000n}{section.2.2}% 18
\BOOKMARK [2][-]{subsection.2.2.6}{\376\377\000A\000d\000a\000B\000o\000o\000s\000t}{section.2.2}% 19
\BOOKMARK [2][-]{subsection.2.2.7}{\376\377\000S\000t\000o\000c\000h\000a\000s\000t\000i\000c\000\040\000G\000r\000a\000d\000i\000e\000n\000t\000\040\000D\000e\000s\000c\000e\000n\000t\000\040\000\050\000S\000G\000D\000\051}{section.2.2}% 20
\BOOKMARK [1][-]{section.2.3}{\376\377\000D\000a\000t\000a\000\040\000P\000r\000e\000p\000r\000o\000c\000e\000s\000s\000i\000n\000g\000\040\000T\000e\000c\000h\000n\000i\000q\000u\000e\000s}{chapter.2}% 21
\BOOKMARK [2][-]{subsection.2.3.1}{\376\377\000M\000i\000s\000s\000i\000n\000g\000\040\000V\000a\000l\000u\000e\000\040\000I\000m\000p\000u\000t\000a\000t\000i\000o\000n}{section.2.3}% 22
\BOOKMARK [2][-]{subsection.2.3.2}{\376\377\000F\000e\000a\000t\000u\000r\000e\000\040\000E\000n\000c\000o\000d\000i\000n\000g}{section.2.3}% 23
\BOOKMARK [2][-]{subsection.2.3.3}{\376\377\000F\000e\000a\000t\000u\000r\000e\000\040\000S\000c\000a\000l\000i\000n\000g}{section.2.3}% 24
\BOOKMARK [1][-]{section.2.4}{\376\377\000M\000o\000d\000e\000l\000\040\000E\000v\000a\000l\000u\000a\000t\000i\000o\000n\000\040\000a\000n\000d\000\040\000S\000e\000l\000e\000c\000t\000i\000o\000n}{chapter.2}% 25
\BOOKMARK [2][-]{subsection.2.4.1}{\376\377\000C\000r\000o\000s\000s\000-\000V\000a\000l\000i\000d\000a\000t\000i\000o\000n}{section.2.4}% 26
\BOOKMARK [2][-]{subsection.2.4.2}{\376\377\000H\000y\000p\000e\000r\000p\000a\000r\000a\000m\000e\000t\000e\000r\000\040\000T\000u\000n\000i\000n\000g}{section.2.4}% 27
\BOOKMARK [2][-]{subsection.2.4.3}{\376\377\000F\000e\000a\000t\000u\000r\000e\000\040\000S\000e\000l\000e\000c\000t\000i\000o\000n}{section.2.4}% 28
\BOOKMARK [1][-]{section.2.5}{\376\377\000R\000e\000l\000a\000t\000e\000d\000\040\000W\000o\000r\000k\000\040\000i\000n\000\040\000M\000a\000l\000w\000a\000r\000e\000\040\000D\000e\000t\000e\000c\000t\000i\000o\000n}{chapter.2}% 29
\BOOKMARK [0][-]{chapter.3}{\376\377\000P\000r\000o\000p\000o\000s\000e\000d\000\040\000M\000e\000t\000h\000o\000d\000o\000l\000o\000g\000y}{}% 30
\BOOKMARK [1][-]{section.3.1}{\376\377\000S\000y\000s\000t\000e\000m\000\040\000A\000r\000c\000h\000i\000t\000e\000c\000t\000u\000r\000e}{chapter.3}% 31
\BOOKMARK [1][-]{section.3.2}{\376\377\000D\000a\000t\000a\000\040\000L\000o\000a\000d\000i\000n\000g\000\040\000a\000n\000d\000\040\000E\000x\000p\000l\000o\000r\000a\000t\000o\000r\000y\000\040\000D\000a\000t\000a\000\040\000A\000n\000a\000l\000y\000s\000i\000s}{chapter.3}% 32
\BOOKMARK [1][-]{section.3.3}{\376\377\000D\000a\000t\000a\000\040\000P\000r\000e\000p\000r\000o\000c\000e\000s\000s\000i\000n\000g}{chapter.3}% 33
\BOOKMARK [2][-]{subsection.3.3.1}{\376\377\000M\000i\000s\000s\000i\000n\000g\000\040\000V\000a\000l\000u\000e\000\040\000H\000a\000n\000d\000l\000i\000n\000g}{section.3.3}% 34
\BOOKMARK [2][-]{subsection.3.3.2}{\376\377\000C\000a\000t\000e\000g\000o\000r\000i\000c\000a\000l\000\040\000F\000e\000a\000t\000u\000r\000e\000\040\000E\000n\000c\000o\000d\000i\000n\000g}{section.3.3}% 35
\BOOKMARK [2][-]{subsection.3.3.3}{\376\377\000F\000e\000a\000t\000u\000r\000e\000\040\000S\000c\000a\000l\000i\000n\000g}{section.3.3}% 36
\BOOKMARK [1][-]{section.3.4}{\376\377\000F\000e\000a\000t\000u\000r\000e\000\040\000E\000n\000g\000i\000n\000e\000e\000r\000i\000n\000g\000\040\000a\000n\000d\000\040\000S\000e\000l\000e\000c\000t\000i\000o\000n}{chapter.3}% 37
\BOOKMARK [2][-]{subsection.3.4.1}{\376\377\000F\000e\000a\000t\000u\000r\000e\000\040\000E\000n\000g\000i\000n\000e\000e\000r\000i\000n\000g}{section.3.4}% 38
\BOOKMARK [2][-]{subsection.3.4.2}{\376\377\000F\000e\000a\000t\000u\000r\000e\000\040\000S\000e\000l\000e\000c\000t\000i\000o\000n}{section.3.4}% 39
\BOOKMARK [2][-]{subsection.3.4.3}{\376\377\000D\000i\000m\000e\000n\000s\000i\000o\000n\000a\000l\000i\000t\000y\000\040\000R\000e\000d\000u\000c\000t\000i\000o\000n}{section.3.4}% 40
\BOOKMARK [1][-]{section.3.5}{\376\377\000M\000a\000c\000h\000i\000n\000e\000\040\000L\000e\000a\000r\000n\000i\000n\000g\000\040\000M\000o\000d\000e\000l\000s}{chapter.3}% 41
\BOOKMARK [2][-]{subsection.3.5.1}{\376\377\000D\000e\000c\000i\000s\000i\000o\000n\000\040\000T\000r\000e\000e\000\040\000C\000l\000a\000s\000s\000i\000f\000i\000e\000r}{section.3.5}% 42
\BOOKMARK [2][-]{subsection.3.5.2}{\376\377\000R\000a\000n\000d\000o\000m\000\040\000F\000o\000r\000e\000s\000t\000\040\000C\000l\000a\000s\000s\000i\000f\000i\000e\000r}{section.3.5}% 43
\BOOKMARK [2][-]{subsection.3.5.3}{\376\377\000L\000i\000g\000h\000t\000G\000B\000M}{section.3.5}% 44
\BOOKMARK [2][-]{subsection.3.5.4}{\376\377\000N\000a\000i\000v\000e\000\040\000B\000a\000y\000e\000s}{section.3.5}% 45
\BOOKMARK [2][-]{subsection.3.5.5}{\376\377\000L\000o\000g\000i\000s\000t\000i\000c\000\040\000R\000e\000g\000r\000e\000s\000s\000i\000o\000n}{section.3.5}% 46
\BOOKMARK [2][-]{subsection.3.5.6}{\376\377\000A\000d\000a\000B\000o\000o\000s\000t}{section.3.5}% 47
\BOOKMARK [2][-]{subsection.3.5.7}{\376\377\000S\000G\000D\000\040\000C\000l\000a\000s\000s\000i\000f\000i\000e\000r}{section.3.5}% 48
\BOOKMARK [1][-]{section.3.6}{\376\377\000H\000y\000p\000e\000r\000p\000a\000r\000a\000m\000e\000t\000e\000r\000\040\000T\000u\000n\000i\000n\000g}{chapter.3}% 49
\BOOKMARK [1][-]{section.3.7}{\376\377\000I\000m\000p\000l\000e\000m\000e\000n\000t\000a\000t\000i\000o\000n\000\040\000D\000e\000t\000a\000i\000l\000s}{chapter.3}% 50
\BOOKMARK [1][-]{section.3.8}{\376\377\000M\000o\000d\000e\000l\000\040\000E\000v\000a\000l\000u\000a\000t\000i\000o\000n\000\040\000M\000e\000t\000r\000i\000c\000s}{chapter.3}% 51
\BOOKMARK [0][-]{chapter.4}{\376\377\000R\000e\000s\000u\000l\000t\000s\000\040\000a\000n\000d\000\040\000D\000i\000s\000c\000u\000s\000s\000i\000o\000n}{}% 52
\BOOKMARK [1][-]{section.4.1}{\376\377\000M\000o\000d\000e\000l\000\040\000P\000e\000r\000f\000o\000r\000m\000a\000n\000c\000e\000\040\000R\000e\000s\000u\000l\000t\000s}{chapter.4}% 53
\BOOKMARK [2][-]{subsection.4.1.1}{\376\377\000L\000i\000g\000h\000t\000G\000B\000M\000\040\000P\000e\000r\000f\000o\000r\000m\000a\000n\000c\000e}{section.4.1}% 54
\BOOKMARK [2][-]{subsection.4.1.2}{\376\377\000R\000a\000n\000d\000o\000m\000\040\000F\000o\000r\000e\000s\000t\000\040\000P\000e\000r\000f\000o\000r\000m\000a\000n\000c\000e}{section.4.1}% 55
\BOOKMARK [2][-]{subsection.4.1.3}{\376\377\000D\000e\000c\000i\000s\000i\000o\000n\000\040\000T\000r\000e\000e\000\040\000P\000e\000r\000f\000o\000r\000m\000a\000n\000c\000e}{section.4.1}% 56
\BOOKMARK [2][-]{subsection.4.1.4}{\376\377\000L\000i\000n\000e\000a\000r\000\040\000M\000o\000d\000e\000l\000s\000\040\000P\000e\000r\000f\000o\000r\000m\000a\000n\000c\000e}{section.4.1}% 57
\BOOKMARK [2][-]{subsection.4.1.5}{\376\377\000N\000a\000i\000v\000e\000\040\000B\000a\000y\000e\000s\000\040\000P\000e\000r\000f\000o\000r\000m\000a\000n\000c\000e}{section.4.1}% 58
\BOOKMARK [2][-]{subsection.4.1.6}{\376\377\000A\000d\000a\000B\000o\000o\000s\000t\000\040\000P\000e\000r\000f\000o\000r\000m\000a\000n\000c\000e}{section.4.1}% 59
\BOOKMARK [1][-]{section.4.2}{\376\377\000D\000i\000s\000c\000u\000s\000s\000i\000o\000n}{chapter.4}% 60
\BOOKMARK [0][-]{chapter.5}{\376\377\000C\000o\000n\000c\000l\000u\000s\000i\000o\000n}{}% 61
\BOOKMARK [1][-]{section.5.1}{\376\377\000K\000e\000y\000\040\000C\000o\000n\000t\000r\000i\000b\000u\000t\000i\000o\000n\000s}{chapter.5}% 62
\BOOKMARK [1][-]{section.5.2}{\376\377\000P\000r\000a\000c\000t\000i\000c\000a\000l\000\040\000I\000m\000p\000l\000i\000c\000a\000t\000i\000o\000n\000s}{chapter.5}% 63
\BOOKMARK [1][-]{section.5.3}{\376\377\000L\000i\000m\000i\000t\000a\000t\000i\000o\000n\000s}{chapter.5}% 64
\BOOKMARK [1][-]{section.5.4}{\376\377\000F\000u\000t\000u\000r\000e\000\040\000S\000c\000o\000p\000e}{chapter.5}% 65
\BOOKMARK [1][-]{section.5.5}{\376\377\000C\000o\000n\000c\000l\000u\000d\000i\000n\000g\000\040\000R\000e\000m\000a\000r\000k\000s}{chapter.5}% 66
\BOOKMARK [0][-]{section.5.5}{\376\377\000R\000e\000f\000e\000r\000e\000n\000c\000e\000s}{}% 67
